<?xml version="1.0" encoding="UTF-8" ?>
<!--

    =============================================================================

    ORCID (R) Open Source
    http://orcid.org

    Copyright (c) 2012-2014 ORCID, Inc.
    Licensed under an MIT-Style License (MIT)
    http://orcid.org/open-source-license

    This copyright and license information (including a link to the full license)
    shall be included in its entirety in all copies or substantial portion of
    the software.

    =============================================================================

-->
<beans xmlns="http://www.springframework.org/schema/beans" xmlns:xsi="http://www.w3.org/2001/XMLSchema-instance"
    xmlns:context="http://www.springframework.org/schema/context" xmlns:util="http://www.springframework.org/schema/util"
    xsi:schemaLocation="http://www.springframework.org/schema/beans
                        http://www.springframework.org/schema/beans/spring-beans-4.3.xsd http://www.springframework.org/schema/context http://www.springframework.org/schema/context/spring-context-4.3.xsd http://www.springframework.org/schema/util http://www.springframework.org/schema/util/spring-util-4.3.xsd">	

	<context:property-placeholder file-encoding="UTF-8" location="classpath:test-client.properties, classpath:test-web.properties" />    
    <!--  Keep this fast! No DB, No Liquibase! Blackbox external testing only. -->
    
    <bean id="multiThreadedConnectionManager" class="org.apache.http.impl.conn.PoolingClientConnectionManager"/>
    
    <util:set id="providers">
        <value>com.fasterxml.jackson.jaxrs.json.JacksonJaxbJsonProvider</value>
        <value>org.orcid.api.common.jaxb.OrcidJacksonJaxbJsonProvider</value>
    </util:set>
        
	<bean id="jerseyClient" class="com.sun.jersey.api.client.Client" factory-method="create">
        <constructor-arg ref="clientConfig"/>
    </bean>

    <util:map id="jerseyProperties">
        <entry key="com.sun.jersey.client.apache4.config.ApacheHttpClient4Config.PROPERTY_CONNECTION_MANAGER"
               value-ref="multiThreadedConnectionManager"/>
    </util:map>
    
    <!-- Override for the jersey client to run OAuth client config and not certificates one -->
    <bean id="clientConfig" class="org.orcid.integration.api.t2.OrcidJerseyT2ClientOAuthConfig">
        <constructor-arg ref="providers" />
        <property name="properties" ref="jerseyProperties" />
    </bean>
        
	<!-- Uncomment if you want to track the jersey calls to the server -->
	<!--  
	<bean id="addJerseyLoggingFilter" class="org.springframework.beans.factory.config.MethodInvokingFactoryBean">
        <property name="targetObject"><ref local="jerseyClient"/></property>
        <property name="targetMethod"><value>addFilter</value></property>
        <property name="arguments">
            <list>
                <bean class="com.sun.jersey.api.client.filter.LoggingFilter"/>
            </list>
        </property>
    </bean>
	-->
        
	<!-- 1.2 API -->      
    <bean id="t2OAuthClient" class="org.orcid.integration.blackbox.api.v12.T2OAuthOrcidApiClientImpl">
        <constructor-arg value="${org.orcid.api.baseUri}"/>
        <constructor-arg ref="jerseyClient"/>
    </bean>
    
    <!-- t2OAuthClient is used to get access token, so, it should not use the version -->
    <bean id="t2OAuthClient_1_2" class="org.orcid.integration.blackbox.api.v12.T2OAuthOrcidApiClientImpl">
        <constructor-arg value="${org.orcid.api.baseUri}/v1.2"/>
        <constructor-arg ref="jerseyClient"/>
    </bean>
    
    <bean id="t1OAuthClient" class="org.orcid.integration.blackbox.api.v12.T1OAuthOrcidApiClientImpl">
        <constructor-arg value="${org.orcid.pub.baseUri}"/>
        <constructor-arg ref="jerseyClient"/>
    </bean>
    
    <bean id="t1OAuthClient_1_2" class="org.orcid.integration.blackbox.api.v12.T1OAuthOrcidApiClientImpl">
        <constructor-arg value="${org.orcid.pub.baseUri}/v1.2"/>
        <constructor-arg ref="jerseyClient"/>
    </bean>
    
    <!-- MEMBER API -->
    <bean id="memberV2ApiClient_rc1" class="org.orcid.integration.blackbox.api.v2.rc1.MemberV2ApiClientImpl">
        <constructor-arg value="${org.orcid.api.baseUri}/v2.0_rc1"/>
        <constructor-arg ref="jerseyClient"/>
    </bean>
    
    <bean id="memberV2ApiClient_rc2" class="org.orcid.integration.blackbox.api.v2.rc2.MemberV2ApiClientImpl">
        <constructor-arg value="${org.orcid.api.baseUri}/v2.0_rc2"/>
        <constructor-arg ref="jerseyClient"/>
    </bean>
    
    <bean id="memberV2ApiClient_rc3" class="org.orcid.integration.blackbox.api.v2.rc3.MemberV2ApiClientImpl">
        <constructor-arg value="${org.orcid.api.baseUri}/v2.0_rc3"/>
        <constructor-arg ref="jerseyClient"/>
    </bean>
    
    <bean id="memberV2ApiClient_rc4" class="org.orcid.integration.blackbox.api.v2.rc4.MemberV2ApiClientImpl">
        <constructor-arg value="${org.orcid.api.baseUri}/v2.0_rc4"/>
        <constructor-arg ref="jerseyClient"/>
    </bean>
    
    <bean id="memberV2ApiClient" class="org.orcid.integration.blackbox.api.v2.release.MemberV2ApiClientImpl">
        <constructor-arg value="${org.orcid.api.baseUri}/v2.0"/>
        <constructor-arg ref="jerseyClient"/>
    </bean>
    
    <!-- PUBLIC API -->
    <bean id="publicV1ApiClient" class="org.orcid.integration.api.pub.PublicV1ApiClientImpl">
        <constructor-arg value="${org.orcid.pub.baseUri}/v1.2"/>
        <constructor-arg ref="jerseyClient"/>
    </bean>
    
    <bean id="publicV2ApiClient_rc1" class="org.orcid.integration.api.pub.PublicV2ApiClientImpl">
        <constructor-arg value="${org.orcid.pub.baseUri}/v2.0_rc1"/>
        <constructor-arg ref="jerseyClient"/>
    </bean>
    
    <bean id="publicV2ApiClient_rc2" class="org.orcid.integration.api.pub.PublicV2ApiClientImpl">
        <constructor-arg value="${org.orcid.pub.baseUri}/v2.0_rc2"/>
        <constructor-arg ref="jerseyClient"/>
    </bean>
    
    <bean id="publicV2ApiClient_rc3" class="org.orcid.integration.api.pub.PublicV2ApiClientImpl">
        <constructor-arg value="${org.orcid.pub.baseUri}/v2.0_rc3"/>
        <constructor-arg ref="jerseyClient"/>
    </bean>
    
    <bean id="publicV2ApiClient_rc4" class="org.orcid.integration.api.pub.PublicV2ApiClientImpl">
        <constructor-arg value="${org.orcid.pub.baseUri}/v2.0_rc4"/>
        <constructor-arg ref="jerseyClient"/>
    </bean>
    
    <bean id="publicV2ApiClient" class="org.orcid.integration.api.pub.PublicV2ApiClientImpl">
        <constructor-arg value="${org.orcid.pub.baseUri}/v2.0"/>
        <constructor-arg ref="jerseyClient"/>
    </bean>        
    
    <!-- INTERNAL API -->
    <bean id="internalOAuthClient" class="org.orcid.integration.api.internal.InternalOAuthOrcidApiClientImpl">
        <constructor-arg value="${org.orcid.internal.baseUri}"/>
        <constructor-arg ref="jerseyClient"/>
    </bean>   
    
    <!-- Notifications -->
    <bean id="notificationsClient_v2" class="org.orcid.integration.api.notifications.NotificationsApiClientImpl">
        <constructor-arg value="${org.orcid.api.baseUri}/v2.0"/>
        <constructor-arg ref="jerseyClient"/>
    </bean>
    
    <bean id="notificationsClient_rc4" class="org.orcid.integration.api.notifications.NotificationsApiClientImpl">
        <constructor-arg value="${org.orcid.api.baseUri}/v2.0_rc4"/>
        <constructor-arg ref="jerseyClient"/>
    </bean>
    
    <bean id="notificationsClient_rc3" class="org.orcid.integration.api.notifications.NotificationsApiClientImpl">
        <constructor-arg value="${org.orcid.api.baseUri}/v2.0_rc3"/>
        <constructor-arg ref="jerseyClient"/>
    </bean>
    
	<bean id="notificationsClient_rc2" class="org.orcid.integration.api.notifications.NotificationsApiClientImpl">
        <constructor-arg value="${org.orcid.api.baseUri}/v2.0_rc2"/>
        <constructor-arg ref="jerseyClient"/>
    </bean>
    
    <bean id="notificationsClient_rc1" class="org.orcid.integration.api.notifications.NotificationsApiClientImpl">
        <constructor-arg value="${org.orcid.api.baseUri}/v2.0_rc1"/>
        <constructor-arg ref="jerseyClient"/>
    </bean>
        
    <bean id="oauthInternalApiClient" class="org.orcid.integration.blackbox.api.v12.InternalOAuthOrcidApiClientImpl">
        <constructor-arg value="${org.orcid.internal.baseUri}"/>
        <constructor-arg ref="jerseyClient"/>
    </bean>
    
    <bean id="oauthWebClient" class="org.orcid.integration.blackbox.api.v12.InternalOAuthOrcidApiClientImpl">
        <constructor-arg value="${org.orcid.web.baseUri}"/>
        <constructor-arg ref="jerseyClient"/>
    </bean>
    
    <bean id="oauthHelper" class="org.orcid.integration.api.helper.OauthHelper">
        <property name="oauthT2Client" ref="t2OAuthClient" />
        <property name="oauthT1Client" ref="t1OAuthClient" />
        <property name="oauthInternalApiClient" ref="oauthInternalApiClient" />
        <property name="oauthWebClient" ref="oauthWebClient" />           
    </bean>

</beans>
