<?xml version="1.0" encoding="UTF-8" ?>
<!--

    =============================================================================

    ORCID (R) Open Source
    http://orcid.org

    Copyright (c) 2012-2014 ORCID, Inc.
    Licensed under an MIT-Style License (MIT)
    http://orcid.org/open-source-license

    This copyright and license information (including a link to the full license)
    shall be included in its entirety in all copies or substantial portion of
    the software.

    =============================================================================

-->
<beans xmlns="http://www.springframework.org/schema/beans" xmlns:xsi="http://www.w3.org/2001/XMLSchema-instance"
	xmlns:context="http://www.springframework.org/schema/context" xmlns:util="http://www.springframework.org/schema/util"
	xmlns:jms="http://www.springframework.org/schema/jms"
	xsi:schemaLocation="http://www.springframework.org/schema/beans
	                    http://www.springframework.org/schema/beans/spring-beans-4.3.xsd http://www.springframework.org/schema/context http://www.springframework.org/schema/context/spring-context-4.3.xsd http://www.springframework.org/schema/util http://www.springframework.org/schema/util/spring-util-4.3.xsd
	                    http://www.springframework.org/schema/jms http://www.springframework.org/schema/jms/spring-jms-4.3.xsd">

<context:property-placeholder file-encoding="UTF-8" location="classpath:test-listener.properties" ignore-unresolvable="true"/>
<!--  Keep this fast! No DB, No Liquibase! Blackbox external testing only. -->
		<!-- JMS Messaging -->
	<!-- enable the configuration of jms on annotations -->
	<jms:annotation-driven/>
	
	<bean id="jmsConnectionFactory" class="org.apache.activemq.ActiveMQConnectionFactory">
		<!-- lets use an embedded broker for now (easier to test!) -->
    	<property name="brokerURL" value="${org.orcid.persistence.messaging.brokerURL}"/>
	</bean>
	<bean id="cachingJmsConnectionFactory" class="org.springframework.jms.connection.CachingConnectionFactory">
    	<property name="targetConnectionFactory" ref="jmsConnectionFactory"/>
	</bean>
	
	<!-- so we can listen to queues -->
	<bean id="jmsListenerContainerFactory" class="org.springframework.jms.config.DefaultJmsListenerContainerFactory">
	    <property name="connectionFactory" ref="jmsConnectionFactory" />
	    <property name="concurrency" value="1-10"/>
	</bean>
	
	<!-- Default Destination Queue Definition -->
	<bean id="defaultJmsDestination" class="org.apache.activemq.command.ActiveMQQueue">
	  <!-- name of the queue -->
	  <constructor-arg index="0" value="test" />
	</bean>
	 
	<!-- JmsTemplate Definition so we can send to queues -->
	<bean id="jmsTemplate" class="org.springframework.jms.core.JmsTemplate">
	  <property name="connectionFactory" ref="jmsConnectionFactory" />
	  <property name="defaultDestination" ref="defaultJmsDestination" />
	</bean>
	
	<bean id="echo" class="org.orcid.integration.listener.EchoTestMessageListener"/>
</beans>
