<?xml version="1.0" encoding="UTF-8" ?>
<!--

    =============================================================================

    ORCID (R) Open Source
    http://orcid.org

    Copyright (c) 2012-2014 ORCID, Inc.
    Licensed under an MIT-Style License (MIT)
    http://orcid.org/open-source-license

    This copyright and license information (including a link to the full license)
    shall be included in its entirety in all copies or substantial portion of
    the software.

    =============================================================================

-->
<beans xmlns="http://www.springframework.org/schema/beans"
       xmlns:xsi="http://www.w3.org/2001/XMLSchema-instance"
       xsi:schemaLocation="http://www.springframework.org/schema/beans http://www.springframework.org/schema/beans/spring-beans-4.3.xsd">

	<!-- import  resource="classpath*:orcid-persistence-context.xml"/>  -->
	<import  resource="classpath*:orcid-core-context.xml"/>  

	<bean id="notificationManager" class="org.orcid.core.manager.impl.NotificationManagerImpl">		
		<property name="encryptionManager" ref="encryptionManager" />		        
		<property name="templateManager" ref="templateManager" />
        <property name="apiRecordCreationEmailEnabled" value="${org.orcid.core.mail.apiRecordCreationEmailEnabled:true}" />
	</bean>	
	
</beans>
